[07-Feb-2018 23:01:29 UTC] PHP Parse error:  syntax error, unexpected ')', expecting ',' or ';' in /home/ubuntu/workspace/csu/practice/RamdonRolor.php on line 16
[07-Feb-2018 23:01:30 UTC] PHP Parse error:  syntax error, unexpected ')', expecting ',' or ';' in /home/ubuntu/workspace/csu/practice/RamdonRolor.php on line 16
[07-Feb-2018 23:01:45 UTC] PHP Parse error:  syntax error, unexpected '");"' (T_CONSTANT_ENCAPSED_STRING), expecting ',' or ';' in /home/ubuntu/workspace/csu/practice/RamdonRolor.php on line 16
[07-Feb-2018 23:01:46 UTC] PHP Parse error:  syntax error, unexpected '");"' (T_CONSTANT_ENCAPSED_STRING), expecting ',' or ';' in /home/ubuntu/workspace/csu/practice/RamdonRolor.php on line 16
[07-Feb-2018 23:05:49 UTC] PHP Parse error:  syntax error, unexpected '{', expecting '(' in /home/ubuntu/workspace/csu/practice/RamdonRolor.php on line 3
[07-Feb-2018 23:06:43 UTC] PHP Parse error:  syntax error, unexpected '{', expecting '(' in /home/ubuntu/workspace/csu/practice/RamdonRolor.php on line 3
[07-Feb-2018 23:08:08 UTC] PHP Parse error:  syntax error, unexpected '");"' (T_CONSTANT_ENCAPSED_STRING), expecting ',' or ';' in /home/ubuntu/workspace/csu/practice/RamdonRolor.php on line 26
[12-Feb-2018 22:37:02 UTC] PHP Parse error:  syntax error, unexpected '>' in /home/ubuntu/workspace/csu/practice/php_arrays.php on line 20
[12-Feb-2018 22:38:40 UTC] PHP Parse error:  syntax error, unexpected '>' in /home/ubuntu/workspace/csu/practice/php_arrays.php on line 20
[19-Feb-2018 22:35:26 UTC] PHP Parse error:  syntax error, unexpected '_start' (T_STRING) in /home/ubuntu/workspace/csu/practice/set_session.php on line 2
[19-Feb-2018 22:36:26 UTC] PHP Parse error:  syntax error, unexpected '_start' (T_STRING) in /home/ubuntu/workspace/csu/practice/set_session.php on line 2
[12-Mar-2018 21:27:59 UTC] PHP Fatal error:  Uncaught exception 'PDOException' with message 'SQLSTATE[HY000] [1045] Access denied for user ''@'localhost' (using password: NO)' in /home/ubuntu/workspace/csu/chanllanges/reports.php:74
Stack trace:
#0 /home/ubuntu/workspace/csu/chanllanges/reports.php(74): PDO->__construct('mysql:host=loca...', NULL, '')
#1 {main}
  thrown in /home/ubuntu/workspace/csu/chanllanges/reports.php on line 74
[12-Mar-2018 21:28:38 UTC] PHP Fatal error:  Uncaught exception 'PDOException' with message 'SQLSTATE[HY000] [1045] Access denied for user ''@'localhost' (using password: NO)' in /home/ubuntu/workspace/csu/chanllanges/reports.php:74
Stack trace:
#0 /home/ubuntu/workspace/csu/chanllanges/reports.php(74): PDO->__construct('mysql:host=loca...', NULL, '')
#1 {main}
  thrown in /home/ubuntu/workspace/csu/chanllanges/reports.php on line 74
[12-Mar-2018 21:29:12 UTC] PHP Fatal error:  Uncaught exception 'PDOException' with message 'SQLSTATE[HY000] [1045] Access denied for user 'rot'@'localhost' (using password: NO)' in /home/ubuntu/workspace/csu/chanllanges/reports.php:75
Stack trace:
#0 /home/ubuntu/workspace/csu/chanllanges/reports.php(75): PDO->__construct('mysql:host=loca...', 'rot', '')
#1 {main}
  thrown in /home/ubuntu/workspace/csu/chanllanges/reports.php on line 75
[12-Mar-2018 21:37:38 UTC] PHP Fatal error:  Uncaught exception 'PDOException' with message 'SQLSTATE[42S02]: Base table or view not found: 1146 Table 'ottermart.user' doesn't exist' in /home/ubuntu/workspace/csu/chanllanges/reports.php:88
Stack trace:
#0 /home/ubuntu/workspace/csu/chanllanges/reports.php(88): PDOStatement->execute()
#1 {main}
  thrown in /home/ubuntu/workspace/csu/chanllanges/reports.php on line 88
[12-Mar-2018 21:38:08 UTC] PHP Fatal error:  Uncaught exception 'PDOException' with message 'SQLSTATE[42S02]: Base table or view not found: 1146 Table 'ottermart.user' doesn't exist' in /home/ubuntu/workspace/csu/chanllanges/reports.php:88
Stack trace:
#0 /home/ubuntu/workspace/csu/chanllanges/reports.php(88): PDOStatement->execute()
#1 {main}
  thrown in /home/ubuntu/workspace/csu/chanllanges/reports.php on line 88
[12-Mar-2018 21:38:57 UTC] PHP Fatal error:  Uncaught exception 'PDOException' with message 'SQLSTATE[42S02]: Base table or view not found: 1146 Table 'ottermart.user' doesn't exist' in /home/ubuntu/workspace/csu/chanllanges/reports.php:88
Stack trace:
#0 /home/ubuntu/workspace/csu/chanllanges/reports.php(88): PDOStatement->execute()
#1 {main}
  thrown in /home/ubuntu/workspace/csu/chanllanges/reports.php on line 88
[12-Mar-2018 21:38:58 UTC] PHP Fatal error:  Uncaught exception 'PDOException' with message 'SQLSTATE[42S02]: Base table or view not found: 1146 Table 'ottermart.user' doesn't exist' in /home/ubuntu/workspace/csu/chanllanges/reports.php:88
Stack trace:
#0 /home/ubuntu/workspace/csu/chanllanges/reports.php(88): PDOStatement->execute()
#1 {main}
  thrown in /home/ubuntu/workspace/csu/chanllanges/reports.php on line 88
[12-Mar-2018 21:39:49 UTC] PHP Fatal error:  Uncaught exception 'PDOException' with message 'SQLSTATE[42S02]: Base table or view not found: 1146 Table 'ottermart.user' doesn't exist' in /home/ubuntu/workspace/csu/chanllanges/reports.php:88
Stack trace:
#0 /home/ubuntu/workspace/csu/chanllanges/reports.php(88): PDOStatement->execute()
#1 {main}
  thrown in /home/ubuntu/workspace/csu/chanllanges/reports.php on line 88
[12-Mar-2018 21:42:40 UTC] PHP Fatal error:  Uncaught exception 'PDOException' with message 'SQLSTATE[42S02]: Base table or view not found: 1146 Table 'ottermart.user' doesn't exist' in /home/ubuntu/workspace/csu/chanllanges/reports.php:88
Stack trace:
#0 /home/ubuntu/workspace/csu/chanllanges/reports.php(88): PDOStatement->execute()
#1 {main}
  thrown in /home/ubuntu/workspace/csu/chanllanges/reports.php on line 88
[28-Mar-2018 16:45:47 UTC] PHP Fatal error:  Call to undefined function lettersDropdown() in /home/ubuntu/workspace/csu/MidtermPractice/text.php on line 20
[28-Mar-2018 16:45:47 UTC] PHP Stack trace:
[28-Mar-2018 16:45:47 UTC] PHP   1. {main}() /home/ubuntu/workspace/csu/MidtermPractice/text.php:0
[28-Mar-2018 16:46:03 UTC] PHP Fatal error:  Call to undefined function lettersDropdown() in /home/ubuntu/workspace/csu/MidtermPractice/text.php on line 20
[28-Mar-2018 16:46:03 UTC] PHP Stack trace:
[28-Mar-2018 16:46:03 UTC] PHP   1. {main}() /home/ubuntu/workspace/csu/MidtermPractice/text.php:0
[28-Mar-2018 16:46:12 UTC] PHP Fatal error:  Call to undefined function lettersDropdown() in /home/ubuntu/workspace/csu/MidtermPractice/text.php on line 20
[28-Mar-2018 16:46:12 UTC] PHP Stack trace:
[28-Mar-2018 16:46:12 UTC] PHP   1. {main}() /home/ubuntu/workspace/csu/MidtermPractice/text.php:0
[28-Mar-2018 16:46:49 UTC] PHP Fatal error:  Call to undefined function lettersDropdown() in /home/ubuntu/workspace/csu/MidtermPractice/text.php on line 20
[28-Mar-2018 16:46:49 UTC] PHP Stack trace:
[28-Mar-2018 16:46:49 UTC] PHP   1. {main}() /home/ubuntu/workspace/csu/MidtermPractice/text.php:0
[28-Mar-2018 16:54:54 UTC] PHP Warning:  include(../../dbConnection.php): failed to open stream: No such file or directory in /home/ubuntu/workspace/csu/MidtermPractice/program2.php on line 3
[28-Mar-2018 16:54:54 UTC] PHP Stack trace:
[28-Mar-2018 16:54:54 UTC] PHP   1. {main}() /home/ubuntu/workspace/csu/MidtermPractice/program2.php:0
[28-Mar-2018 16:54:54 UTC] PHP Warning:  include(): Failed opening '../../dbConnection.php' for inclusion (include_path='.:/usr/share/php:/usr/share/pear') in /home/ubuntu/workspace/csu/MidtermPractice/program2.php on line 3
[28-Mar-2018 16:54:54 UTC] PHP Stack trace:
[28-Mar-2018 16:54:54 UTC] PHP   1. {main}() /home/ubuntu/workspace/csu/MidtermPractice/program2.php:0
[28-Mar-2018 16:54:54 UTC] PHP Fatal error:  Call to undefined function getConnection() in /home/ubuntu/workspace/csu/MidtermPractice/program2.php on line 4
[28-Mar-2018 16:54:54 UTC] PHP Stack trace:
[28-Mar-2018 16:54:54 UTC] PHP   1. {main}() /home/ubuntu/workspace/csu/MidtermPractice/program2.php:0
[28-Mar-2018 16:55:10 UTC] PHP Fatal error:  Call to undefined function getConnection() in /home/ubuntu/workspace/csu/MidtermPractice/program2.php on line 4
[28-Mar-2018 16:55:10 UTC] PHP Stack trace:
[28-Mar-2018 16:55:10 UTC] PHP   1. {main}() /home/ubuntu/workspace/csu/MidtermPractice/program2.php:0
[28-Mar-2018 21:08:54 UTC] PHP Warning:  include(../../dbConnection.php): failed to open stream: No such file or directory in /home/ubuntu/workspace/csu/Midterm/program2.php on line 3
[28-Mar-2018 21:08:54 UTC] PHP Stack trace:
[28-Mar-2018 21:08:54 UTC] PHP   1. {main}() /home/ubuntu/workspace/csu/Midterm/program2.php:0
[28-Mar-2018 21:08:54 UTC] PHP Warning:  include(): Failed opening '../../dbConnection.php' for inclusion (include_path='.:/usr/share/php:/usr/share/pear') in /home/ubuntu/workspace/csu/Midterm/program2.php on line 3
[28-Mar-2018 21:08:54 UTC] PHP Stack trace:
[28-Mar-2018 21:08:54 UTC] PHP   1. {main}() /home/ubuntu/workspace/csu/Midterm/program2.php:0
[28-Mar-2018 21:08:54 UTC] PHP Fatal error:  Call to undefined function getConnection() in /home/ubuntu/workspace/csu/Midterm/program2.php on line 4
[28-Mar-2018 21:08:54 UTC] PHP Stack trace:
[28-Mar-2018 21:08:54 UTC] PHP   1. {main}() /home/ubuntu/workspace/csu/Midterm/program2.php:0
[28-Mar-2018 21:10:43 UTC] PHP Fatal error:  Call to undefined function getConnection() in /home/ubuntu/workspace/csu/Midterm/program2.php on line 4
[28-Mar-2018 21:10:43 UTC] PHP Stack trace:
[28-Mar-2018 21:10:43 UTC] PHP   1. {main}() /home/ubuntu/workspace/csu/Midterm/program2.php:0
[28-Mar-2018 21:11:07 UTC] PHP Fatal error:  Uncaught exception 'PDOException' with message 'SQLSTATE[42000]: Syntax error or access violation: 1065 Query was empty' in /home/ubuntu/workspace/csu/Midterm/program2.php:13
Stack trace:
#0 /home/ubuntu/workspace/csu/Midterm/program2.php(13): PDO->query('')
#1 {main}
  thrown in /home/ubuntu/workspace/csu/Midterm/program2.php on line 13
[28-Mar-2018 21:11:39 UTC] PHP Fatal error:  Uncaught exception 'PDOException' with message 'SQLSTATE[42000]: Syntax error or access violation: 1065 Query was empty' in /home/ubuntu/workspace/csu/Midterm/program2.php:13
Stack trace:
#0 /home/ubuntu/workspace/csu/Midterm/program2.php(13): PDO->query('')
#1 {main}
  thrown in /home/ubuntu/workspace/csu/Midterm/program2.php on line 13
[28-Mar-2018 21:13:29 UTC] PHP Fatal error:  Uncaught exception 'PDOException' with message 'SQLSTATE[42000]: Syntax error or access violation: 1065 Query was empty' in /home/ubuntu/workspace/csu/Midterm/program2.php:14
Stack trace:
#0 /home/ubuntu/workspace/csu/Midterm/program2.php(14): PDOStatement->execute()
#1 {main}
  thrown in /home/ubuntu/workspace/csu/Midterm/program2.php on line 14
[28-Mar-2018 21:14:46 UTC] PHP Fatal error:  Uncaught exception 'PDOException' with message 'SQLSTATE[42000]: Syntax error or access violation: 1065 Query was empty' in /home/ubuntu/workspace/csu/Midterm/program2.php:13
Stack trace:
#0 /home/ubuntu/workspace/csu/Midterm/program2.php(13): PDO->query('')
#1 {main}
  thrown in /home/ubuntu/workspace/csu/Midterm/program2.php on line 13
