[05-Feb-2018 23:04:09 UTC] PHP Parse error:  syntax error, unexpected 'img' (T_STRING), expecting ',' or ';' in /home/ubuntu/workspace/csu/lab/lab2/index.php on line 16
[05-Feb-2018 23:38:02 UTC] PHP Parse error:  syntax error, unexpected end of file in /home/ubuntu/workspace/csu/lab/lab2/index.php on line 111
[05-Feb-2018 23:38:04 UTC] PHP Parse error:  syntax error, unexpected end of file in /home/ubuntu/workspace/csu/lab/lab2/index.php on line 111
[03-Mar-2018 08:38:57 UTC] PHP Parse error:  syntax error, unexpected '}' in /home/ubuntu/workspace/csu/Labs/lab3/inc/functions.php on line 183
[03-Mar-2018 08:38:57 UTC] PHP Stack trace:
[03-Mar-2018 08:38:57 UTC] PHP   1. {main}() /home/ubuntu/workspace/csu/Labs/lab3/index.php:0
[03-Mar-2018 08:42:59 UTC] PHP Warning:  Invalid argument supplied for foreach() in /home/ubuntu/workspace/csu/Labs/lab3/inc/functions.php on line 154
[03-Mar-2018 08:42:59 UTC] PHP Stack trace:
[03-Mar-2018 08:42:59 UTC] PHP   1. {main}() /home/ubuntu/workspace/csu/Labs/lab3/index.php:0
[03-Mar-2018 08:42:59 UTC] PHP   2. demo() /home/ubuntu/workspace/csu/Labs/lab3/index.php:24
[03-Mar-2018 08:51:10 UTC] PHP Warning:  Invalid argument supplied for foreach() in /home/ubuntu/workspace/csu/Labs/lab3/inc/functions.php on line 154
[03-Mar-2018 08:51:10 UTC] PHP Stack trace:
[03-Mar-2018 08:51:10 UTC] PHP   1. {main}() /home/ubuntu/workspace/csu/Labs/lab3/index.php:0
[03-Mar-2018 08:51:10 UTC] PHP   2. demo() /home/ubuntu/workspace/csu/Labs/lab3/index.php:24
[03-Mar-2018 08:51:10 UTC] PHP Warning:  Invalid argument supplied for foreach() in /home/ubuntu/workspace/csu/Labs/lab3/inc/functions.php on line 154
[03-Mar-2018 08:51:10 UTC] PHP Stack trace:
[03-Mar-2018 08:51:10 UTC] PHP   1. {main}() /home/ubuntu/workspace/csu/Labs/lab3/index.php:0
[03-Mar-2018 08:51:10 UTC] PHP   2. demo() /home/ubuntu/workspace/csu/Labs/lab3/index.php:24
[03-Mar-2018 08:51:10 UTC] PHP Warning:  Invalid argument supplied for foreach() in /home/ubuntu/workspace/csu/Labs/lab3/inc/functions.php on line 154
[03-Mar-2018 08:51:10 UTC] PHP Stack trace:
[03-Mar-2018 08:51:10 UTC] PHP   1. {main}() /home/ubuntu/workspace/csu/Labs/lab3/index.php:0
[03-Mar-2018 08:51:10 UTC] PHP   2. demo() /home/ubuntu/workspace/csu/Labs/lab3/index.php:24
[03-Mar-2018 08:51:10 UTC] PHP Warning:  Invalid argument supplied for foreach() in /home/ubuntu/workspace/csu/Labs/lab3/inc/functions.php on line 154
[03-Mar-2018 08:51:10 UTC] PHP Stack trace:
[03-Mar-2018 08:51:10 UTC] PHP   1. {main}() /home/ubuntu/workspace/csu/Labs/lab3/index.php:0
[03-Mar-2018 08:51:10 UTC] PHP   2. demo() /home/ubuntu/workspace/csu/Labs/lab3/index.php:24
